<?xml version="1.0" encoding="UTF-8"?>
<testsuite xmlns:xsi="http://www.w3.org/2001/XMLSchema-instance" xsi:noNamespaceSchemaLocation="https://maven.apache.org/surefire/maven-surefire-plugin/xsd/surefire-test-report-3.0.xsd" version="3.0" name="org.example.FixedNonMainMethodsTest" time="0.152" tests="37" errors="0" skipped="0" failures="0">
  <properties>
[...]
</properties>
  <testcase name="is_char_constant_test1" classname="org.example.FixedNonMainMethodsTest" time="0.04"/>
  <testcase name="is_char_constant_test2" classname="org.example.FixedNonMainMethodsTest" time="0.002"/>
  <testcase name="is_char_constant_test3" classname="org.example.FixedNonMainMethodsTest" time="0.001"/>
  <testcase name="is_char_constant_test4" classname="org.example.FixedNonMainMethodsTest" time="0.002"/>
  <testcase name="is_identifier_test1" classname="org.example.FixedNonMainMethodsTest" time="0.001"/>
  <testcase name="is_identifier_test2" classname="org.example.FixedNonMainMethodsTest" time="0.001"/>
  <testcase name="is_identifier_test3" classname="org.example.FixedNonMainMethodsTest" time="0.001"/>
  <testcase name="is_identifier_test4" classname="org.example.FixedNonMainMethodsTest" time="0.001"/>
  <testcase name="is_identifier_test5" classname="org.example.FixedNonMainMethodsTest" time="0.002"/>
  <testcase name="is_token_end_test1" classname="org.example.FixedNonMainMethodsTest" time="0.001"/>
  <testcase name="is_token_end_test2" classname="org.example.FixedNonMainMethodsTest" time="0.001"/>
  <testcase name="is_token_end_test3" classname="org.example.FixedNonMainMethodsTest" time="0.001"/>
  <testcase name="is_token_end_test4" classname="org.example.FixedNonMainMethodsTest" time="0.001"/>
  <testcase name="is_token_end_test5" classname="org.example.FixedNonMainMethodsTest" time="0.001"/>
  <testcase name="is_token_end_test6" classname="org.example.FixedNonMainMethodsTest" time="0.001"/>
  <testcase name="is_token_end_test7" classname="org.example.FixedNonMainMethodsTest" time="0.001"/>
  <testcase name="print_spec_symbol_test1" classname="org.example.FixedNonMainMethodsTest" time="0.004"/>
  <testcase name="print_spec_symbol_test2" classname="org.example.FixedNonMainMethodsTest" time="0.001"/>
  <testcase name="print_spec_symbol_test3" classname="org.example.FixedNonMainMethodsTest" time="0.001"/>
  <testcase name="print_spec_symbol_test4" classname="org.example.FixedNonMainMethodsTest" time="0.007"/>
  <testcase name="is_keyword_test1" classname="org.example.FixedNonMainMethodsTest" time="0.001"/>
  <testcase name="is_keyword_test2" classname="org.example.FixedNonMainMethodsTest" time="0.0"/>
  <testcase name="is_keyword_test3" classname="org.example.FixedNonMainMethodsTest" time="0.001"/>
  <testcase name="is_keyword_test4" classname="org.example.FixedNonMainMethodsTest" time="0.0"/>
  <testcase name="is_keyword_test5" classname="org.example.FixedNonMainMethodsTest" time="0.001"/>
  <testcase name="is_keyword_test6" classname="org.example.FixedNonMainMethodsTest" time="0.001"/>
  <testcase name="is_keyword_test7" classname="org.example.FixedNonMainMethodsTest" time="0.0"/>
  <testcase name="is_str_constant_test1" classname="org.example.FixedNonMainMethodsTest" time="0.0"/>
  <testcase name="is_str_constant_test2" classname="org.example.FixedNonMainMethodsTest" time="0.001"/>
  <testcase name="is_str_constant_test3" classname="org.example.FixedNonMainMethodsTest" time="0.001"/>
  <testcase name="is_str_constant_test4" classname="org.example.FixedNonMainMethodsTest" time="0.001"/>
  <testcase name="is_num_constant_test1" classname="org.example.FixedNonMainMethodsTest" time="0.001"/>
  <testcase name="is_num_constant_test2" classname="org.example.FixedNonMainMethodsTest" time="0.001"/>
  <testcase name="is_num_constant_test3" classname="org.example.FixedNonMainMethodsTest" time="0.001"/>
  <testcase name="is_num_constant_test4" classname="org.example.FixedNonMainMethodsTest" time="0.0"/>
  <testcase name="is_comment_test1" classname="org.example.FixedNonMainMethodsTest" time="0.0"/>
  <testcase name="is_comment_test2" classname="org.example.FixedNonMainMethodsTest" time="0.001"/>
</testsuite>